<?xml version="1.0" encoding="UTF-8"?>
<testng-results skipped="0" failed="0" ignored="0" total="1" passed="1">
  <reporter-output>
  </reporter-output>
  <suite name="Default suite" duration-ms="15196" started-at="2021-01-28T20:58:44 EST" finished-at="2021-01-28T20:58:59 EST">
    <groups>
    </groups>
    <test name="Default test" duration-ms="15196" started-at="2021-01-28T20:58:44 EST" finished-at="2021-01-28T20:58:59 EST">
      <class name="Academy.E2EProject1.ValidateTitle">
        <test-method status="PASS" signature="initialize()[pri:0, instance:Academy.E2EProject1.ValidateTitle@1bb5a082]" name="initialize" is-config="true" duration-ms="14880" started-at="2021-01-28T20:58:44 EST" finished-at="2021-01-28T20:58:59 EST">
          <reporter-output>
          </reporter-output>
        </test-method> <!-- initialize -->
        <test-method status="PASS" signature="basepageNavigation()[pri:0, instance:Academy.E2EProject1.ValidateTitle@1bb5a082]" name="basepageNavigation" duration-ms="71" started-at="2021-01-28T20:58:59 EST" finished-at="2021-01-28T20:58:59 EST">
          <reporter-output>
          </reporter-output>
        </test-method> <!-- basepageNavigation -->
        <test-method status="PASS" signature="teardown()[pri:0, instance:Academy.E2EProject1.ValidateTitle@1bb5a082]" name="teardown" is-config="true" duration-ms="84" started-at="2021-01-28T20:58:59 EST" finished-at="2021-01-28T20:58:59 EST">
          <reporter-output>
          </reporter-output>
        </test-method> <!-- teardown -->
      </class> <!-- Academy.E2EProject1.ValidateTitle -->
    </test> <!-- Default test -->
  </suite> <!-- Default suite -->
</testng-results>
