<?xml version="1.0" encoding="UTF-8"?>
<!-- Generated by org.testng.reporters.JUnitXMLReporter -->
<testsuite hostname="DESKTOP-F50HBUA" ignored="0" name="Test" tests="4" failures="0" timestamp="2021-01-26T21:42:00 EST" time="3.402" errors="0">
  <testcase name="@BeforeTest initialize" time="3.281" classname="Academy.E2EProject1.HomePage">
    <failure type="java.lang.NullPointerException">
      <![CDATA[java.lang.NullPointerException
at Academy.E2EProject1.HomePage.initialize(HomePage.java:18)
... Removed 24 stack frames]]>
    </failure>
  </testcase> <!-- @BeforeTest initialize -->
  <testcase name="@BeforeTest initialize" time="-1.611715320162E9" classname="Academy.E2EProject1.ValidateNavigationBar">
    <skipped/>
  </testcase> <!-- @BeforeTest initialize -->
  <testcase name="@BeforeTest initialize" time="-1.611715320165E9" classname="Academy.E2EProject1.ValidateTitle">
    <skipped/>
  </testcase> <!-- @BeforeTest initialize -->
  <testcase name="@AfterTest teardown" time="-1.611715320255E9" classname="Academy.E2EProject1.HomePage">
    <skipped/>
  </testcase> <!-- @AfterTest teardown -->
  <testcase name="@AfterTest teardown" time="-1.611715320257E9" classname="Academy.E2EProject1.ValidateNavigationBar">
    <skipped/>
  </testcase> <!-- @AfterTest teardown -->
  <testcase name="@AfterTest teardown" time="-1.611715320261E9" classname="Academy.E2EProject1.ValidateTitle">
    <skipped/>
  </testcase> <!-- @AfterTest teardown -->
  <testcase name="basepageNavigation" time="0.0" classname="Academy.E2EProject1.HomePage">
    <skipped/>
  </testcase> <!-- basepageNavigation -->
  <testcase name="basepageNavigation" time="0.0" classname="Academy.E2EProject1.HomePage">
    <skipped/>
  </testcase> <!-- basepageNavigation -->
  <testcase name="basepageNavigation" time="0.0" classname="Academy.E2EProject1.ValidateTitle">
    <skipped/>
  </testcase> <!-- basepageNavigation -->
  <testcase name="basepageNavigation" time="0.0" classname="Academy.E2EProject1.ValidateNavigationBar">
    <skipped/>
  </testcase> <!-- basepageNavigation -->
</testsuite> <!-- Test -->
